CRITICAL - 2026-05-13 13:23:05 --> CodeIgniter\View\Exceptions\ViewException: Invalid file: "landing.php"
[Method: GET, Route: /]
in SYSTEMPATH\Exceptions\FrameworkException.php on line 39.
 1 SYSTEMPATH\View\View.php(226): CodeIgniter\Exceptions\FrameworkException::forInvalidFile('landing.php')
 2 SYSTEMPATH\Common.php(1250): CodeIgniter\View\View->render('landing', [], true)
 3 APPPATH\Controllers\Menu\MenuPelanggan.php(19): view('landing')
 4 SYSTEMPATH\CodeIgniter.php(951): App\Controllers\Menu\MenuPelanggan->landing()
 5 SYSTEMPATH\CodeIgniter.php(497): CodeIgniter\CodeIgniter->runController(Object(App\Controllers\Menu\MenuPelanggan))
 6 SYSTEMPATH\CodeIgniter.php(340): CodeIgniter\CodeIgniter->handleRequest(null, Object(Config\Cache), false)
 7 SYSTEMPATH\Boot.php(417): CodeIgniter\CodeIgniter->run()
 8 SYSTEMPATH\Boot.php(68): CodeIgniter\Boot::runCodeIgniter(Object(CodeIgniter\CodeIgniter))
 9 FCPATH\index.php(69): CodeIgniter\Boot::bootWeb(Object(Config\Paths))
10 SYSTEMPATH\rewrite.php(44): require_once('C:\\xampp\\htdocs\\teras_caffe\\public\\index.php')
CRITICAL - 2026-05-13 13:23:06 --> CodeIgniter\View\Exceptions\ViewException: Invalid file: "landing.php"
[Method: GET, Route: /]
in SYSTEMPATH\Exceptions\FrameworkException.php on line 39.
 1 SYSTEMPATH\View\View.php(226): CodeIgniter\Exceptions\FrameworkException::forInvalidFile('landing.php')
 2 SYSTEMPATH\Common.php(1250): CodeIgniter\View\View->render('landing', [], true)
 3 APPPATH\Controllers\Menu\MenuPelanggan.php(19): view('landing')
 4 SYSTEMPATH\CodeIgniter.php(951): App\Controllers\Menu\MenuPelanggan->landing()
 5 SYSTEMPATH\CodeIgniter.php(497): CodeIgniter\CodeIgniter->runController(Object(App\Controllers\Menu\MenuPelanggan))
 6 SYSTEMPATH\CodeIgniter.php(340): CodeIgniter\CodeIgniter->handleRequest(null, Object(Config\Cache), false)
 7 SYSTEMPATH\Boot.php(417): CodeIgniter\CodeIgniter->run()
 8 SYSTEMPATH\Boot.php(68): CodeIgniter\Boot::runCodeIgniter(Object(CodeIgniter\CodeIgniter))
 9 FCPATH\index.php(69): CodeIgniter\Boot::bootWeb(Object(Config\Paths))
10 SYSTEMPATH\rewrite.php(44): require_once('C:\\xampp\\htdocs\\teras_caffe\\public\\index.php')
CRITICAL - 2026-05-13 14:02:12 --> CodeIgniter\View\Exceptions\ViewException: Invalid file: "landing.php"
[Method: GET, Route: /]
in SYSTEMPATH\Exceptions\FrameworkException.php on line 39.
 1 SYSTEMPATH\View\View.php(226): CodeIgniter\Exceptions\FrameworkException::forInvalidFile('landing.php')
 2 SYSTEMPATH\Common.php(1250): CodeIgniter\View\View->render('landing', [], true)
 3 APPPATH\Controllers\Menu\MenuPelanggan.php(19): view('landing')
 4 SYSTEMPATH\CodeIgniter.php(951): App\Controllers\Menu\MenuPelanggan->landing()
 5 SYSTEMPATH\CodeIgniter.php(497): CodeIgniter\CodeIgniter->runController(Object(App\Controllers\Menu\MenuPelanggan))
 6 SYSTEMPATH\CodeIgniter.php(340): CodeIgniter\CodeIgniter->handleRequest(null, Object(Config\Cache), false)
 7 SYSTEMPATH\Boot.php(417): CodeIgniter\CodeIgniter->run()
 8 SYSTEMPATH\Boot.php(68): CodeIgniter\Boot::runCodeIgniter(Object(CodeIgniter\CodeIgniter))
 9 FCPATH\index.php(69): CodeIgniter\Boot::bootWeb(Object(Config\Paths))
10 SYSTEMPATH\rewrite.php(44): require_once('C:\\xampp\\htdocs\\teras_caffe\\public\\index.php')
CRITICAL - 2026-05-13 14:06:17 --> CodeIgniter\View\Exceptions\ViewException: Invalid file: "landing.php"
[Method: GET, Route: /]
in SYSTEMPATH\Exceptions\FrameworkException.php on line 39.
 1 SYSTEMPATH\View\View.php(226): CodeIgniter\Exceptions\FrameworkException::forInvalidFile('landing.php')
 2 SYSTEMPATH\Common.php(1250): CodeIgniter\View\View->render('landing', [], true)
 3 APPPATH\Controllers\Menu\MenuPelanggan.php(19): view('landing')
 4 SYSTEMPATH\CodeIgniter.php(951): App\Controllers\Menu\MenuPelanggan->landing()
 5 SYSTEMPATH\CodeIgniter.php(497): CodeIgniter\CodeIgniter->runController(Object(App\Controllers\Menu\MenuPelanggan))
 6 SYSTEMPATH\CodeIgniter.php(340): CodeIgniter\CodeIgniter->handleRequest(null, Object(Config\Cache), false)
 7 SYSTEMPATH\Boot.php(417): CodeIgniter\CodeIgniter->run()
 8 SYSTEMPATH\Boot.php(68): CodeIgniter\Boot::runCodeIgniter(Object(CodeIgniter\CodeIgniter))
 9 FCPATH\index.php(69): CodeIgniter\Boot::bootWeb(Object(Config\Paths))
10 SYSTEMPATH\rewrite.php(44): require_once('C:\\xampp\\htdocs\\teras_caffe\\public\\index.php')
