CRITICAL - 2026-03-10 09:42:24 --> TypeError: Cannot access offset of type string on string
[Method: GET, Route: admin/detail/51]
in APPPATH\Views\admin\detail_transaksi.php on line 36.
 1 SYSTEMPATH\View\View.php(238): include()
 2 SYSTEMPATH\View\View.php(241): CodeIgniter\View\View->CodeIgniter\View\{closure}()
 3 SYSTEMPATH\Common.php(1250): CodeIgniter\View\View->render('admin/detail_transaksi', [], true)
 4 APPPATH\Controllers\Admin.php(113): view('admin/detail_transaksi', [...])
 5 SYSTEMPATH\CodeIgniter.php(951): App\Controllers\Admin->detail('51')
 6 SYSTEMPATH\CodeIgniter.php(497): CodeIgniter\CodeIgniter->runController(Object(App\Controllers\Admin))
 7 SYSTEMPATH\CodeIgniter.php(340): CodeIgniter\CodeIgniter->handleRequest(null, Object(Config\Cache), false)
 8 SYSTEMPATH\Boot.php(417): CodeIgniter\CodeIgniter->run()
 9 SYSTEMPATH\Boot.php(68): CodeIgniter\Boot::runCodeIgniter(Object(CodeIgniter\CodeIgniter))
10 FCPATH\index.php(59): CodeIgniter\Boot::bootWeb(Object(Config\Paths))
11 SYSTEMPATH\rewrite.php(44): require_once('C:\\xampp\\htdocs\\teras_caffe\\public\\index.php')
CRITICAL - 2026-03-10 09:45:16 --> TypeError: Cannot access offset of type string on string
[Method: GET, Route: admin/detail/50]
in APPPATH\Views\admin\detail_transaksi.php on line 36.
 1 SYSTEMPATH\View\View.php(238): include()
 2 SYSTEMPATH\View\View.php(241): CodeIgniter\View\View->CodeIgniter\View\{closure}()
 3 SYSTEMPATH\Common.php(1250): CodeIgniter\View\View->render('admin/detail_transaksi', [], true)
 4 APPPATH\Controllers\Admin.php(113): view('admin/detail_transaksi', [...])
 5 SYSTEMPATH\CodeIgniter.php(951): App\Controllers\Admin->detail('50')
 6 SYSTEMPATH\CodeIgniter.php(497): CodeIgniter\CodeIgniter->runController(Object(App\Controllers\Admin))
 7 SYSTEMPATH\CodeIgniter.php(340): CodeIgniter\CodeIgniter->handleRequest(null, Object(Config\Cache), false)
 8 SYSTEMPATH\Boot.php(417): CodeIgniter\CodeIgniter->run()
 9 SYSTEMPATH\Boot.php(68): CodeIgniter\Boot::runCodeIgniter(Object(CodeIgniter\CodeIgniter))
10 FCPATH\index.php(59): CodeIgniter\Boot::bootWeb(Object(Config\Paths))
11 SYSTEMPATH\rewrite.php(44): require_once('C:\\xampp\\htdocs\\teras_caffe\\public\\index.php')
