ERROR - 2026-03-06 18:55:54 --> Unknown column 'menu.id_menu' in 'where clause'
in SYSTEMPATH\Database\MySQLi\Connection.php on line 300.
 1 SYSTEMPATH\Database\MySQLi\Connection.php(300): mysqli->query('SELECT *
FROM `menu`
WHERE `menu`.`id_menu` = \'1\'', 0)
 2 SYSTEMPATH\Database\BaseConnection.php(769): CodeIgniter\Database\MySQLi\Connection->execute('SELECT *
FROM `menu`
WHERE `menu`.`id_menu` = \'1\'')
 3 SYSTEMPATH\Database\BaseConnection.php(686): CodeIgniter\Database\BaseConnection->simpleQuery('SELECT *
FROM `menu`
WHERE `menu`.`id_menu` = \'1\'')
 4 SYSTEMPATH\Database\BaseBuilder.php(1649): CodeIgniter\Database\BaseConnection->query('SELECT *
FROM `menu`
WHERE `menu`.`id_menu` = :menu.id_menu:', [...], false)
 5 SYSTEMPATH\Model.php(193): CodeIgniter\Database\BaseBuilder->get()
 6 SYSTEMPATH\BaseModel.php(614): CodeIgniter\Model->doFind(true, '1')
 7 APPPATH\Controllers\Menu.php(43): CodeIgniter\BaseModel->find('1')
 8 SYSTEMPATH\CodeIgniter.php(951): App\Controllers\Menu->tambah()
 9 SYSTEMPATH\CodeIgniter.php(497): CodeIgniter\CodeIgniter->runController(Object(App\Controllers\Menu))
10 SYSTEMPATH\CodeIgniter.php(340): CodeIgniter\CodeIgniter->handleRequest(null, Object(Config\Cache), false)
11 SYSTEMPATH\Boot.php(417): CodeIgniter\CodeIgniter->run()
12 SYSTEMPATH\Boot.php(68): CodeIgniter\Boot::runCodeIgniter(Object(CodeIgniter\CodeIgniter))
13 FCPATH\index.php(59): CodeIgniter\Boot::bootWeb(Object(Config\Paths))
14 SYSTEMPATH\rewrite.php(44): require_once('C:\\xampp\\htdocs\\teras_caffe\\public\\index.php')
CRITICAL - 2026-03-06 18:55:54 --> CodeIgniter\Database\Exceptions\DatabaseException: Unknown column 'menu.id_menu' in 'where clause'
[Method: POST, Route: menu/tambah]
in SYSTEMPATH\Database\BaseConnection.php on line 724.
 1 SYSTEMPATH\Database\BaseBuilder.php(1649): CodeIgniter\Database\BaseConnection->query('SELECT *
FROM `menu`
WHERE `menu`.`id_menu` = :menu.id_menu:', [...], false)
 2 SYSTEMPATH\Model.php(193): CodeIgniter\Database\BaseBuilder->get()
 3 SYSTEMPATH\BaseModel.php(614): CodeIgniter\Model->doFind(true, '1')
 4 APPPATH\Controllers\Menu.php(43): CodeIgniter\BaseModel->find('1')
 5 SYSTEMPATH\CodeIgniter.php(951): App\Controllers\Menu->tambah()
 6 SYSTEMPATH\CodeIgniter.php(497): CodeIgniter\CodeIgniter->runController(Object(App\Controllers\Menu))
 7 SYSTEMPATH\CodeIgniter.php(340): CodeIgniter\CodeIgniter->handleRequest(null, Object(Config\Cache), false)
 8 SYSTEMPATH\Boot.php(417): CodeIgniter\CodeIgniter->run()
 9 SYSTEMPATH\Boot.php(68): CodeIgniter\Boot::runCodeIgniter(Object(CodeIgniter\CodeIgniter))
10 FCPATH\index.php(59): CodeIgniter\Boot::bootWeb(Object(Config\Paths))
11 SYSTEMPATH\rewrite.php(44): require_once('C:\\xampp\\htdocs\\teras_caffe\\public\\index.php')
CRITICAL - 2026-03-06 18:55:54 --> [Caused by] CodeIgniter\Database\Exceptions\DatabaseException: Unknown column 'menu.id_menu' in 'where clause'
in SYSTEMPATH\Database\MySQLi\Connection.php on line 310.
 1 SYSTEMPATH\Database\BaseConnection.php(769): CodeIgniter\Database\MySQLi\Connection->execute('SELECT *
FROM `menu`
WHERE `menu`.`id_menu` = \'1\'')
 2 SYSTEMPATH\Database\BaseConnection.php(686): CodeIgniter\Database\BaseConnection->simpleQuery('SELECT *
FROM `menu`
WHERE `menu`.`id_menu` = \'1\'')
 3 SYSTEMPATH\Database\BaseBuilder.php(1649): CodeIgniter\Database\BaseConnection->query('SELECT *
FROM `menu`
WHERE `menu`.`id_menu` = :menu.id_menu:', [...], false)
 4 SYSTEMPATH\Model.php(193): CodeIgniter\Database\BaseBuilder->get()
 5 SYSTEMPATH\BaseModel.php(614): CodeIgniter\Model->doFind(true, '1')
 6 APPPATH\Controllers\Menu.php(43): CodeIgniter\BaseModel->find('1')
 7 SYSTEMPATH\CodeIgniter.php(951): App\Controllers\Menu->tambah()
 8 SYSTEMPATH\CodeIgniter.php(497): CodeIgniter\CodeIgniter->runController(Object(App\Controllers\Menu))
 9 SYSTEMPATH\CodeIgniter.php(340): CodeIgniter\CodeIgniter->handleRequest(null, Object(Config\Cache), false)
10 SYSTEMPATH\Boot.php(417): CodeIgniter\CodeIgniter->run()
11 SYSTEMPATH\Boot.php(68): CodeIgniter\Boot::runCodeIgniter(Object(CodeIgniter\CodeIgniter))
12 FCPATH\index.php(59): CodeIgniter\Boot::bootWeb(Object(Config\Paths))
13 SYSTEMPATH\rewrite.php(44): require_once('C:\\xampp\\htdocs\\teras_caffe\\public\\index.php')
CRITICAL - 2026-03-06 18:55:54 --> [Caused by] mysqli_sql_exception: Unknown column 'menu.id_menu' in 'where clause'
in SYSTEMPATH\Database\MySQLi\Connection.php on line 300.
 1 SYSTEMPATH\Database\MySQLi\Connection.php(300): mysqli->query('SELECT *
FROM `menu`
WHERE `menu`.`id_menu` = \'1\'', 0)
 2 SYSTEMPATH\Database\BaseConnection.php(769): CodeIgniter\Database\MySQLi\Connection->execute('SELECT *
FROM `menu`
WHERE `menu`.`id_menu` = \'1\'')
 3 SYSTEMPATH\Database\BaseConnection.php(686): CodeIgniter\Database\BaseConnection->simpleQuery('SELECT *
FROM `menu`
WHERE `menu`.`id_menu` = \'1\'')
 4 SYSTEMPATH\Database\BaseBuilder.php(1649): CodeIgniter\Database\BaseConnection->query('SELECT *
FROM `menu`
WHERE `menu`.`id_menu` = :menu.id_menu:', [...], false)
 5 SYSTEMPATH\Model.php(193): CodeIgniter\Database\BaseBuilder->get()
 6 SYSTEMPATH\BaseModel.php(614): CodeIgniter\Model->doFind(true, '1')
 7 APPPATH\Controllers\Menu.php(43): CodeIgniter\BaseModel->find('1')
 8 SYSTEMPATH\CodeIgniter.php(951): App\Controllers\Menu->tambah()
 9 SYSTEMPATH\CodeIgniter.php(497): CodeIgniter\CodeIgniter->runController(Object(App\Controllers\Menu))
10 SYSTEMPATH\CodeIgniter.php(340): CodeIgniter\CodeIgniter->handleRequest(null, Object(Config\Cache), false)
11 SYSTEMPATH\Boot.php(417): CodeIgniter\CodeIgniter->run()
12 SYSTEMPATH\Boot.php(68): CodeIgniter\Boot::runCodeIgniter(Object(CodeIgniter\CodeIgniter))
13 FCPATH\index.php(59): CodeIgniter\Boot::bootWeb(Object(Config\Paths))
14 SYSTEMPATH\rewrite.php(44): require_once('C:\\xampp\\htdocs\\teras_caffe\\public\\index.php')
ERROR - 2026-03-06 19:23:20 --> Unknown column 'menu.id_menu' in 'where clause'
in SYSTEMPATH\Database\MySQLi\Connection.php on line 300.
 1 SYSTEMPATH\Database\MySQLi\Connection.php(300): mysqli->query('SELECT *
FROM `menu`
WHERE `menu`.`id_menu` = \'1\'', 0)
 2 SYSTEMPATH\Database\BaseConnection.php(769): CodeIgniter\Database\MySQLi\Connection->execute('SELECT *
FROM `menu`
WHERE `menu`.`id_menu` = \'1\'')
 3 SYSTEMPATH\Database\BaseConnection.php(686): CodeIgniter\Database\BaseConnection->simpleQuery('SELECT *
FROM `menu`
WHERE `menu`.`id_menu` = \'1\'')
 4 SYSTEMPATH\Database\BaseBuilder.php(1649): CodeIgniter\Database\BaseConnection->query('SELECT *
FROM `menu`
WHERE `menu`.`id_menu` = :menu.id_menu:', [...], false)
 5 SYSTEMPATH\Model.php(193): CodeIgniter\Database\BaseBuilder->get()
 6 SYSTEMPATH\BaseModel.php(614): CodeIgniter\Model->doFind(true, '1')
 7 APPPATH\Controllers\Menu.php(43): CodeIgniter\BaseModel->find('1')
 8 SYSTEMPATH\CodeIgniter.php(951): App\Controllers\Menu->tambah()
 9 SYSTEMPATH\CodeIgniter.php(497): CodeIgniter\CodeIgniter->runController(Object(App\Controllers\Menu))
10 SYSTEMPATH\CodeIgniter.php(340): CodeIgniter\CodeIgniter->handleRequest(null, Object(Config\Cache), false)
11 SYSTEMPATH\Boot.php(417): CodeIgniter\CodeIgniter->run()
12 SYSTEMPATH\Boot.php(68): CodeIgniter\Boot::runCodeIgniter(Object(CodeIgniter\CodeIgniter))
13 FCPATH\index.php(59): CodeIgniter\Boot::bootWeb(Object(Config\Paths))
14 SYSTEMPATH\rewrite.php(44): require_once('C:\\xampp\\htdocs\\teras_caffe\\public\\index.php')
CRITICAL - 2026-03-06 19:23:20 --> CodeIgniter\Database\Exceptions\DatabaseException: Unknown column 'menu.id_menu' in 'where clause'
[Method: POST, Route: menu/tambah]
in SYSTEMPATH\Database\BaseConnection.php on line 724.
 1 SYSTEMPATH\Database\BaseBuilder.php(1649): CodeIgniter\Database\BaseConnection->query('SELECT *
FROM `menu`
WHERE `menu`.`id_menu` = :menu.id_menu:', [...], false)
 2 SYSTEMPATH\Model.php(193): CodeIgniter\Database\BaseBuilder->get()
 3 SYSTEMPATH\BaseModel.php(614): CodeIgniter\Model->doFind(true, '1')
 4 APPPATH\Controllers\Menu.php(43): CodeIgniter\BaseModel->find('1')
 5 SYSTEMPATH\CodeIgniter.php(951): App\Controllers\Menu->tambah()
 6 SYSTEMPATH\CodeIgniter.php(497): CodeIgniter\CodeIgniter->runController(Object(App\Controllers\Menu))
 7 SYSTEMPATH\CodeIgniter.php(340): CodeIgniter\CodeIgniter->handleRequest(null, Object(Config\Cache), false)
 8 SYSTEMPATH\Boot.php(417): CodeIgniter\CodeIgniter->run()
 9 SYSTEMPATH\Boot.php(68): CodeIgniter\Boot::runCodeIgniter(Object(CodeIgniter\CodeIgniter))
10 FCPATH\index.php(59): CodeIgniter\Boot::bootWeb(Object(Config\Paths))
11 SYSTEMPATH\rewrite.php(44): require_once('C:\\xampp\\htdocs\\teras_caffe\\public\\index.php')
CRITICAL - 2026-03-06 19:23:20 --> [Caused by] CodeIgniter\Database\Exceptions\DatabaseException: Unknown column 'menu.id_menu' in 'where clause'
in SYSTEMPATH\Database\MySQLi\Connection.php on line 310.
 1 SYSTEMPATH\Database\BaseConnection.php(769): CodeIgniter\Database\MySQLi\Connection->execute('SELECT *
FROM `menu`
WHERE `menu`.`id_menu` = \'1\'')
 2 SYSTEMPATH\Database\BaseConnection.php(686): CodeIgniter\Database\BaseConnection->simpleQuery('SELECT *
FROM `menu`
WHERE `menu`.`id_menu` = \'1\'')
 3 SYSTEMPATH\Database\BaseBuilder.php(1649): CodeIgniter\Database\BaseConnection->query('SELECT *
FROM `menu`
WHERE `menu`.`id_menu` = :menu.id_menu:', [...], false)
 4 SYSTEMPATH\Model.php(193): CodeIgniter\Database\BaseBuilder->get()
 5 SYSTEMPATH\BaseModel.php(614): CodeIgniter\Model->doFind(true, '1')
 6 APPPATH\Controllers\Menu.php(43): CodeIgniter\BaseModel->find('1')
 7 SYSTEMPATH\CodeIgniter.php(951): App\Controllers\Menu->tambah()
 8 SYSTEMPATH\CodeIgniter.php(497): CodeIgniter\CodeIgniter->runController(Object(App\Controllers\Menu))
 9 SYSTEMPATH\CodeIgniter.php(340): CodeIgniter\CodeIgniter->handleRequest(null, Object(Config\Cache), false)
10 SYSTEMPATH\Boot.php(417): CodeIgniter\CodeIgniter->run()
11 SYSTEMPATH\Boot.php(68): CodeIgniter\Boot::runCodeIgniter(Object(CodeIgniter\CodeIgniter))
12 FCPATH\index.php(59): CodeIgniter\Boot::bootWeb(Object(Config\Paths))
13 SYSTEMPATH\rewrite.php(44): require_once('C:\\xampp\\htdocs\\teras_caffe\\public\\index.php')
CRITICAL - 2026-03-06 19:23:20 --> [Caused by] mysqli_sql_exception: Unknown column 'menu.id_menu' in 'where clause'
in SYSTEMPATH\Database\MySQLi\Connection.php on line 300.
 1 SYSTEMPATH\Database\MySQLi\Connection.php(300): mysqli->query('SELECT *
FROM `menu`
WHERE `menu`.`id_menu` = \'1\'', 0)
 2 SYSTEMPATH\Database\BaseConnection.php(769): CodeIgniter\Database\MySQLi\Connection->execute('SELECT *
FROM `menu`
WHERE `menu`.`id_menu` = \'1\'')
 3 SYSTEMPATH\Database\BaseConnection.php(686): CodeIgniter\Database\BaseConnection->simpleQuery('SELECT *
FROM `menu`
WHERE `menu`.`id_menu` = \'1\'')
 4 SYSTEMPATH\Database\BaseBuilder.php(1649): CodeIgniter\Database\BaseConnection->query('SELECT *
FROM `menu`
WHERE `menu`.`id_menu` = :menu.id_menu:', [...], false)
 5 SYSTEMPATH\Model.php(193): CodeIgniter\Database\BaseBuilder->get()
 6 SYSTEMPATH\BaseModel.php(614): CodeIgniter\Model->doFind(true, '1')
 7 APPPATH\Controllers\Menu.php(43): CodeIgniter\BaseModel->find('1')
 8 SYSTEMPATH\CodeIgniter.php(951): App\Controllers\Menu->tambah()
 9 SYSTEMPATH\CodeIgniter.php(497): CodeIgniter\CodeIgniter->runController(Object(App\Controllers\Menu))
10 SYSTEMPATH\CodeIgniter.php(340): CodeIgniter\CodeIgniter->handleRequest(null, Object(Config\Cache), false)
11 SYSTEMPATH\Boot.php(417): CodeIgniter\CodeIgniter->run()
12 SYSTEMPATH\Boot.php(68): CodeIgniter\Boot::runCodeIgniter(Object(CodeIgniter\CodeIgniter))
13 FCPATH\index.php(59): CodeIgniter\Boot::bootWeb(Object(Config\Paths))
14 SYSTEMPATH\rewrite.php(44): require_once('C:\\xampp\\htdocs\\teras_caffe\\public\\index.php')
ERROR - 2026-03-06 19:32:43 --> Unknown column 'menu.id_menu' in 'where clause'
in SYSTEMPATH\Database\MySQLi\Connection.php on line 300.
 1 SYSTEMPATH\Database\MySQLi\Connection.php(300): mysqli->query('SELECT *
FROM `menu`
WHERE `menu`.`id_menu` = \'2\'', 0)
 2 SYSTEMPATH\Database\BaseConnection.php(769): CodeIgniter\Database\MySQLi\Connection->execute('SELECT *
FROM `menu`
WHERE `menu`.`id_menu` = \'2\'')
 3 SYSTEMPATH\Database\BaseConnection.php(686): CodeIgniter\Database\BaseConnection->simpleQuery('SELECT *
FROM `menu`
WHERE `menu`.`id_menu` = \'2\'')
 4 SYSTEMPATH\Database\BaseBuilder.php(1649): CodeIgniter\Database\BaseConnection->query('SELECT *
FROM `menu`
WHERE `menu`.`id_menu` = :menu.id_menu:', [...], false)
 5 SYSTEMPATH\Model.php(193): CodeIgniter\Database\BaseBuilder->get()
 6 SYSTEMPATH\BaseModel.php(614): CodeIgniter\Model->doFind(true, '2')
 7 APPPATH\Controllers\Menu.php(43): CodeIgniter\BaseModel->find('2')
 8 SYSTEMPATH\CodeIgniter.php(951): App\Controllers\Menu->tambah()
 9 SYSTEMPATH\CodeIgniter.php(497): CodeIgniter\CodeIgniter->runController(Object(App\Controllers\Menu))
10 SYSTEMPATH\CodeIgniter.php(340): CodeIgniter\CodeIgniter->handleRequest(null, Object(Config\Cache), false)
11 SYSTEMPATH\Boot.php(417): CodeIgniter\CodeIgniter->run()
12 SYSTEMPATH\Boot.php(68): CodeIgniter\Boot::runCodeIgniter(Object(CodeIgniter\CodeIgniter))
13 FCPATH\index.php(59): CodeIgniter\Boot::bootWeb(Object(Config\Paths))
14 SYSTEMPATH\rewrite.php(44): require_once('C:\\xampp\\htdocs\\teras_caffe\\public\\index.php')
CRITICAL - 2026-03-06 19:32:43 --> CodeIgniter\Database\Exceptions\DatabaseException: Unknown column 'menu.id_menu' in 'where clause'
[Method: POST, Route: menu/tambah]
in SYSTEMPATH\Database\BaseConnection.php on line 724.
 1 SYSTEMPATH\Database\BaseBuilder.php(1649): CodeIgniter\Database\BaseConnection->query('SELECT *
FROM `menu`
WHERE `menu`.`id_menu` = :menu.id_menu:', [...], false)
 2 SYSTEMPATH\Model.php(193): CodeIgniter\Database\BaseBuilder->get()
 3 SYSTEMPATH\BaseModel.php(614): CodeIgniter\Model->doFind(true, '2')
 4 APPPATH\Controllers\Menu.php(43): CodeIgniter\BaseModel->find('2')
 5 SYSTEMPATH\CodeIgniter.php(951): App\Controllers\Menu->tambah()
 6 SYSTEMPATH\CodeIgniter.php(497): CodeIgniter\CodeIgniter->runController(Object(App\Controllers\Menu))
 7 SYSTEMPATH\CodeIgniter.php(340): CodeIgniter\CodeIgniter->handleRequest(null, Object(Config\Cache), false)
 8 SYSTEMPATH\Boot.php(417): CodeIgniter\CodeIgniter->run()
 9 SYSTEMPATH\Boot.php(68): CodeIgniter\Boot::runCodeIgniter(Object(CodeIgniter\CodeIgniter))
10 FCPATH\index.php(59): CodeIgniter\Boot::bootWeb(Object(Config\Paths))
11 SYSTEMPATH\rewrite.php(44): require_once('C:\\xampp\\htdocs\\teras_caffe\\public\\index.php')
CRITICAL - 2026-03-06 19:32:43 --> [Caused by] CodeIgniter\Database\Exceptions\DatabaseException: Unknown column 'menu.id_menu' in 'where clause'
in SYSTEMPATH\Database\MySQLi\Connection.php on line 310.
 1 SYSTEMPATH\Database\BaseConnection.php(769): CodeIgniter\Database\MySQLi\Connection->execute('SELECT *
FROM `menu`
WHERE `menu`.`id_menu` = \'2\'')
 2 SYSTEMPATH\Database\BaseConnection.php(686): CodeIgniter\Database\BaseConnection->simpleQuery('SELECT *
FROM `menu`
WHERE `menu`.`id_menu` = \'2\'')
 3 SYSTEMPATH\Database\BaseBuilder.php(1649): CodeIgniter\Database\BaseConnection->query('SELECT *
FROM `menu`
WHERE `menu`.`id_menu` = :menu.id_menu:', [...], false)
 4 SYSTEMPATH\Model.php(193): CodeIgniter\Database\BaseBuilder->get()
 5 SYSTEMPATH\BaseModel.php(614): CodeIgniter\Model->doFind(true, '2')
 6 APPPATH\Controllers\Menu.php(43): CodeIgniter\BaseModel->find('2')
 7 SYSTEMPATH\CodeIgniter.php(951): App\Controllers\Menu->tambah()
 8 SYSTEMPATH\CodeIgniter.php(497): CodeIgniter\CodeIgniter->runController(Object(App\Controllers\Menu))
 9 SYSTEMPATH\CodeIgniter.php(340): CodeIgniter\CodeIgniter->handleRequest(null, Object(Config\Cache), false)
10 SYSTEMPATH\Boot.php(417): CodeIgniter\CodeIgniter->run()
11 SYSTEMPATH\Boot.php(68): CodeIgniter\Boot::runCodeIgniter(Object(CodeIgniter\CodeIgniter))
12 FCPATH\index.php(59): CodeIgniter\Boot::bootWeb(Object(Config\Paths))
13 SYSTEMPATH\rewrite.php(44): require_once('C:\\xampp\\htdocs\\teras_caffe\\public\\index.php')
CRITICAL - 2026-03-06 19:32:43 --> [Caused by] mysqli_sql_exception: Unknown column 'menu.id_menu' in 'where clause'
in SYSTEMPATH\Database\MySQLi\Connection.php on line 300.
 1 SYSTEMPATH\Database\MySQLi\Connection.php(300): mysqli->query('SELECT *
FROM `menu`
WHERE `menu`.`id_menu` = \'2\'', 0)
 2 SYSTEMPATH\Database\BaseConnection.php(769): CodeIgniter\Database\MySQLi\Connection->execute('SELECT *
FROM `menu`
WHERE `menu`.`id_menu` = \'2\'')
 3 SYSTEMPATH\Database\BaseConnection.php(686): CodeIgniter\Database\BaseConnection->simpleQuery('SELECT *
FROM `menu`
WHERE `menu`.`id_menu` = \'2\'')
 4 SYSTEMPATH\Database\BaseBuilder.php(1649): CodeIgniter\Database\BaseConnection->query('SELECT *
FROM `menu`
WHERE `menu`.`id_menu` = :menu.id_menu:', [...], false)
 5 SYSTEMPATH\Model.php(193): CodeIgniter\Database\BaseBuilder->get()
 6 SYSTEMPATH\BaseModel.php(614): CodeIgniter\Model->doFind(true, '2')
 7 APPPATH\Controllers\Menu.php(43): CodeIgniter\BaseModel->find('2')
 8 SYSTEMPATH\CodeIgniter.php(951): App\Controllers\Menu->tambah()
 9 SYSTEMPATH\CodeIgniter.php(497): CodeIgniter\CodeIgniter->runController(Object(App\Controllers\Menu))
10 SYSTEMPATH\CodeIgniter.php(340): CodeIgniter\CodeIgniter->handleRequest(null, Object(Config\Cache), false)
11 SYSTEMPATH\Boot.php(417): CodeIgniter\CodeIgniter->run()
12 SYSTEMPATH\Boot.php(68): CodeIgniter\Boot::runCodeIgniter(Object(CodeIgniter\CodeIgniter))
13 FCPATH\index.php(59): CodeIgniter\Boot::bootWeb(Object(Config\Paths))
14 SYSTEMPATH\rewrite.php(44): require_once('C:\\xampp\\htdocs\\teras_caffe\\public\\index.php')
