ERROR - 2026-03-13 15:56:05 --> Unknown column 'tipe_pembayaran' in 'field list'
in SYSTEMPATH\Database\MySQLi\Connection.php on line 300.
 1 SYSTEMPATH\Database\MySQLi\Connection.php(300): mysqli->query('INSERT INTO `transaksi` (`meja`, `total`, `tipe_pembayaran`, `metode_pembayaran`, `status`) VALUES (\'1\', 12000, \'meja\', \'qris\', \'pending\')', 0)
 2 SYSTEMPATH\Database\BaseConnection.php(769): CodeIgniter\Database\MySQLi\Connection->execute('INSERT INTO `transaksi` (`meja`, `total`, `tipe_pembayaran`, `metode_pembayaran`, `status`) VALUES (\'1\', 12000, \'meja\', \'qris\', \'pending\')')
 3 SYSTEMPATH\Database\BaseConnection.php(686): CodeIgniter\Database\BaseConnection->simpleQuery('INSERT INTO `transaksi` (`meja`, `total`, `tipe_pembayaran`, `metode_pembayaran`, `status`) VALUES (\'1\', 12000, \'meja\', \'qris\', \'pending\')')
 4 SYSTEMPATH\Database\BaseBuilder.php(2345): CodeIgniter\Database\BaseConnection->query('INSERT INTO `transaksi` (`meja`, `total`, `tipe_pembayaran`, `metode_pembayaran`, `status`) VALUES (:meja:, :total:, :tipe_pembayaran:, :metode_pembayaran:, :status:)', [...], false)
 5 APPPATH\Controllers\Menu.php(222): CodeIgniter\Database\BaseBuilder->insert([...])
 6 SYSTEMPATH\CodeIgniter.php(951): App\Controllers\Menu->struk()
 7 SYSTEMPATH\CodeIgniter.php(497): CodeIgniter\CodeIgniter->runController(Object(App\Controllers\Menu))
 8 SYSTEMPATH\CodeIgniter.php(340): CodeIgniter\CodeIgniter->handleRequest(null, Object(Config\Cache), false)
 9 SYSTEMPATH\Boot.php(417): CodeIgniter\CodeIgniter->run()
10 SYSTEMPATH\Boot.php(68): CodeIgniter\Boot::runCodeIgniter(Object(CodeIgniter\CodeIgniter))
11 FCPATH\index.php(59): CodeIgniter\Boot::bootWeb(Object(Config\Paths))
12 SYSTEMPATH\rewrite.php(44): require_once('C:\\xampp\\htdocs\\teras_caffe\\public\\index.php')
CRITICAL - 2026-03-13 15:56:05 --> CodeIgniter\Database\Exceptions\DatabaseException: Unknown column 'tipe_pembayaran' in 'field list'
[Method: POST, Route: menu/struk]
in SYSTEMPATH\Database\BaseConnection.php on line 724.
 1 SYSTEMPATH\Database\BaseBuilder.php(2345): CodeIgniter\Database\BaseConnection->query('INSERT INTO `transaksi` (`meja`, `total`, `tipe_pembayaran`, `metode_pembayaran`, `status`) VALUES (:meja:, :total:, :tipe_pembayaran:, :metode_pembayaran:, :status:)', [...], false)
 2 APPPATH\Controllers\Menu.php(222): CodeIgniter\Database\BaseBuilder->insert([...])
 3 SYSTEMPATH\CodeIgniter.php(951): App\Controllers\Menu->struk()
 4 SYSTEMPATH\CodeIgniter.php(497): CodeIgniter\CodeIgniter->runController(Object(App\Controllers\Menu))
 5 SYSTEMPATH\CodeIgniter.php(340): CodeIgniter\CodeIgniter->handleRequest(null, Object(Config\Cache), false)
 6 SYSTEMPATH\Boot.php(417): CodeIgniter\CodeIgniter->run()
 7 SYSTEMPATH\Boot.php(68): CodeIgniter\Boot::runCodeIgniter(Object(CodeIgniter\CodeIgniter))
 8 FCPATH\index.php(59): CodeIgniter\Boot::bootWeb(Object(Config\Paths))
 9 SYSTEMPATH\rewrite.php(44): require_once('C:\\xampp\\htdocs\\teras_caffe\\public\\index.php')
CRITICAL - 2026-03-13 15:56:05 --> [Caused by] CodeIgniter\Database\Exceptions\DatabaseException: Unknown column 'tipe_pembayaran' in 'field list'
in SYSTEMPATH\Database\MySQLi\Connection.php on line 310.
 1 SYSTEMPATH\Database\BaseConnection.php(769): CodeIgniter\Database\MySQLi\Connection->execute('INSERT INTO `transaksi` (`meja`, `total`, `tipe_pembayaran`, `metode_pembayaran`, `status`) VALUES (\'1\', 12000, \'meja\', \'qris\', \'pending\')')
 2 SYSTEMPATH\Database\BaseConnection.php(686): CodeIgniter\Database\BaseConnection->simpleQuery('INSERT INTO `transaksi` (`meja`, `total`, `tipe_pembayaran`, `metode_pembayaran`, `status`) VALUES (\'1\', 12000, \'meja\', \'qris\', \'pending\')')
 3 SYSTEMPATH\Database\BaseBuilder.php(2345): CodeIgniter\Database\BaseConnection->query('INSERT INTO `transaksi` (`meja`, `total`, `tipe_pembayaran`, `metode_pembayaran`, `status`) VALUES (:meja:, :total:, :tipe_pembayaran:, :metode_pembayaran:, :status:)', [...], false)
 4 APPPATH\Controllers\Menu.php(222): CodeIgniter\Database\BaseBuilder->insert([...])
 5 SYSTEMPATH\CodeIgniter.php(951): App\Controllers\Menu->struk()
 6 SYSTEMPATH\CodeIgniter.php(497): CodeIgniter\CodeIgniter->runController(Object(App\Controllers\Menu))
 7 SYSTEMPATH\CodeIgniter.php(340): CodeIgniter\CodeIgniter->handleRequest(null, Object(Config\Cache), false)
 8 SYSTEMPATH\Boot.php(417): CodeIgniter\CodeIgniter->run()
 9 SYSTEMPATH\Boot.php(68): CodeIgniter\Boot::runCodeIgniter(Object(CodeIgniter\CodeIgniter))
10 FCPATH\index.php(59): CodeIgniter\Boot::bootWeb(Object(Config\Paths))
11 SYSTEMPATH\rewrite.php(44): require_once('C:\\xampp\\htdocs\\teras_caffe\\public\\index.php')
CRITICAL - 2026-03-13 15:56:05 --> [Caused by] mysqli_sql_exception: Unknown column 'tipe_pembayaran' in 'field list'
in SYSTEMPATH\Database\MySQLi\Connection.php on line 300.
 1 SYSTEMPATH\Database\MySQLi\Connection.php(300): mysqli->query('INSERT INTO `transaksi` (`meja`, `total`, `tipe_pembayaran`, `metode_pembayaran`, `status`) VALUES (\'1\', 12000, \'meja\', \'qris\', \'pending\')', 0)
 2 SYSTEMPATH\Database\BaseConnection.php(769): CodeIgniter\Database\MySQLi\Connection->execute('INSERT INTO `transaksi` (`meja`, `total`, `tipe_pembayaran`, `metode_pembayaran`, `status`) VALUES (\'1\', 12000, \'meja\', \'qris\', \'pending\')')
 3 SYSTEMPATH\Database\BaseConnection.php(686): CodeIgniter\Database\BaseConnection->simpleQuery('INSERT INTO `transaksi` (`meja`, `total`, `tipe_pembayaran`, `metode_pembayaran`, `status`) VALUES (\'1\', 12000, \'meja\', \'qris\', \'pending\')')
 4 SYSTEMPATH\Database\BaseBuilder.php(2345): CodeIgniter\Database\BaseConnection->query('INSERT INTO `transaksi` (`meja`, `total`, `tipe_pembayaran`, `metode_pembayaran`, `status`) VALUES (:meja:, :total:, :tipe_pembayaran:, :metode_pembayaran:, :status:)', [...], false)
 5 APPPATH\Controllers\Menu.php(222): CodeIgniter\Database\BaseBuilder->insert([...])
 6 SYSTEMPATH\CodeIgniter.php(951): App\Controllers\Menu->struk()
 7 SYSTEMPATH\CodeIgniter.php(497): CodeIgniter\CodeIgniter->runController(Object(App\Controllers\Menu))
 8 SYSTEMPATH\CodeIgniter.php(340): CodeIgniter\CodeIgniter->handleRequest(null, Object(Config\Cache), false)
 9 SYSTEMPATH\Boot.php(417): CodeIgniter\CodeIgniter->run()
10 SYSTEMPATH\Boot.php(68): CodeIgniter\Boot::runCodeIgniter(Object(CodeIgniter\CodeIgniter))
11 FCPATH\index.php(59): CodeIgniter\Boot::bootWeb(Object(Config\Paths))
12 SYSTEMPATH\rewrite.php(44): require_once('C:\\xampp\\htdocs\\teras_caffe\\public\\index.php')
